[2022-11-27 23:06:16,028] pyhamilton.interface INFO starting a Hamilton interface
[2022-11-27 23:06:16,028] pyhamilton.interface INFO started the oem application for simulation
[2022-11-27 23:06:16,028] pyhamilton.interface INFO started the server thread
[2022-11-27 23:06:27,188] pyhamilton.interface INFO sending end run command to simulator
[2022-11-27 23:06:28,793] pyhamilton.interface ERROR HamiltonTimeoutError('Timed out after 1.5 sec while waiting for response id 0x0')
[2022-11-27 23:06:28,794] pyhamilton.interface INFO disconnected from server
[2022-11-27 23:06:28,904] pyhamilton.interface INFO server did not exit yet, sending dummy request to exit its loop
[2022-11-27 23:06:28,904] pyhamilton.interface INFO dummy get request sent to server
[2022-11-27 23:06:28,942] pyhamilton.interface INFO server thread exited
[2022-11-27 23:07:20,848] pyhamilton.interface INFO starting a Hamilton interface
[2022-11-27 23:07:20,848] pyhamilton.interface INFO started the oem application for simulation
[2022-11-27 23:07:20,848] pyhamilton.interface INFO started the server thread
[2022-11-27 23:07:31,643] pyhamilton.interface INFO sending end run command to simulator
[2022-11-27 23:07:33,206] pyhamilton.interface ERROR HamiltonTimeoutError('Timed out after 1.5 sec while waiting for response id 0x0')
[2022-11-27 23:07:33,206] pyhamilton.interface INFO disconnected from server
[2022-11-27 23:07:33,308] pyhamilton.interface INFO server did not exit yet, sending dummy request to exit its loop
[2022-11-27 23:07:33,331] pyhamilton.interface INFO dummy get request sent to server
[2022-11-27 23:07:33,331] pyhamilton.interface INFO server thread exited
[2022-11-27 23:08:01,662] pyhamilton.interface INFO starting a Hamilton interface
[2022-11-27 23:08:01,662] pyhamilton.interface INFO started the oem application for simulation
[2022-11-27 23:08:01,662] pyhamilton.interface INFO started the server thread
[2022-11-27 23:08:11,518] pyhamilton.interface INFO sending end run command to simulator
[2022-11-27 23:08:13,060] pyhamilton.interface ERROR HamiltonTimeoutError('Timed out after 1.5 sec while waiting for response id 0x0')
[2022-11-27 23:08:13,060] pyhamilton.interface INFO disconnected from server
[2022-11-27 23:08:13,162] pyhamilton.interface INFO server did not exit yet, sending dummy request to exit its loop
[2022-11-27 23:08:13,162] pyhamilton.interface INFO dummy get request sent to server
[2022-11-27 23:08:13,162] pyhamilton.interface INFO server thread exited
[2022-11-27 23:09:06,126] pyhamilton.interface INFO starting a Hamilton interface
[2022-11-27 23:09:06,126] pyhamilton.interface INFO started the oem application for simulation
[2022-11-27 23:09:06,126] pyhamilton.interface INFO started the server thread
[2022-11-27 23:09:16,116] pyhamilton.interface INFO sending end run command to simulator
[2022-11-27 23:09:17,648] pyhamilton.interface ERROR HamiltonTimeoutError('Timed out after 1.5 sec while waiting for response id 0x0')
[2022-11-27 23:09:17,648] pyhamilton.interface INFO disconnected from server
[2022-11-27 23:09:17,751] pyhamilton.interface INFO server did not exit yet, sending dummy request to exit its loop
[2022-11-27 23:09:17,761] pyhamilton.interface INFO dummy get request sent to server
[2022-11-27 23:09:17,761] pyhamilton.interface INFO server thread exited
[2022-11-27 23:10:01,054] pyhamilton.interface INFO starting a Hamilton interface
[2022-11-27 23:10:01,054] pyhamilton.interface INFO started the oem application for simulation
[2022-11-27 23:10:01,054] pyhamilton.interface INFO started the server thread
[2022-11-27 23:10:10,922] pyhamilton.interface INFO sending end run command to simulator
[2022-11-27 23:10:12,461] pyhamilton.interface ERROR HamiltonTimeoutError('Timed out after 1.5 sec while waiting for response id 0x0')
[2022-11-27 23:10:12,461] pyhamilton.interface INFO disconnected from server
[2022-11-27 23:10:12,570] pyhamilton.interface INFO server did not exit yet, sending dummy request to exit its loop
[2022-11-27 23:10:12,571] pyhamilton.interface INFO dummy get request sent to server
[2022-11-27 23:10:12,579] pyhamilton.interface INFO server thread exited
[2022-11-27 23:10:28,750] pyhamilton.interface INFO starting a Hamilton interface
[2022-11-27 23:10:28,750] pyhamilton.interface INFO started the oem application for simulation
[2022-11-27 23:10:28,750] pyhamilton.interface INFO started the server thread
[2022-11-27 23:10:38,457] pyhamilton.interface INFO sending end run command to simulator
[2022-11-27 23:10:40,015] pyhamilton.interface ERROR HamiltonTimeoutError('Timed out after 1.5 sec while waiting for response id 0x0')
[2022-11-27 23:10:40,015] pyhamilton.interface INFO disconnected from server
[2022-11-27 23:10:40,129] pyhamilton.interface INFO server did not exit yet, sending dummy request to exit its loop
[2022-11-27 23:10:40,134] pyhamilton.interface INFO dummy get request sent to server
[2022-11-27 23:10:40,134] pyhamilton.interface INFO server thread exited
[2022-11-27 23:13:34,019] pyhamilton.interface INFO starting a Hamilton interface
[2022-11-27 23:13:34,019] pyhamilton.interface INFO started the oem application for simulation
[2022-11-27 23:13:34,019] pyhamilton.interface INFO started the server thread
[2022-11-27 23:14:02,107] pyhamilton.interface INFO sending end run command to simulator
[2022-11-27 23:14:03,354] pyhamilton.interface INFO disconnected from server
[2022-11-27 23:14:03,459] pyhamilton.interface INFO server did not exit yet, sending dummy request to exit its loop
[2022-11-27 23:14:03,465] pyhamilton.interface INFO dummy get request sent to server
[2022-11-27 23:14:03,465] pyhamilton.interface INFO server thread exited
[2022-11-27 23:15:43,887] pyhamilton.interface INFO starting a Hamilton interface
[2022-11-27 23:15:43,887] pyhamilton.interface INFO started the oem application for simulation
[2022-11-27 23:15:43,887] pyhamilton.interface INFO started the server thread
[2022-11-27 23:15:54,353] pyhamilton.interface INFO sending end run command to simulator
[2022-11-27 23:15:55,881] pyhamilton.interface ERROR HamiltonTimeoutError('Timed out after 1.5 sec while waiting for response id 0x0')
[2022-11-27 23:15:55,881] pyhamilton.interface INFO disconnected from server
[2022-11-27 23:15:56,002] pyhamilton.interface INFO server did not exit yet, sending dummy request to exit its loop
[2022-11-27 23:15:56,007] pyhamilton.interface INFO dummy get request sent to server
[2022-11-27 23:15:56,007] pyhamilton.interface INFO server thread exited
[2022-11-27 23:16:13,237] pyhamilton.interface INFO starting a Hamilton interface
[2022-11-27 23:16:13,237] pyhamilton.interface INFO started the oem application for simulation
[2022-11-27 23:16:13,237] pyhamilton.interface INFO started the server thread
[2022-11-27 23:16:42,914] pyhamilton.interface INFO sending end run command to simulator
[2022-11-27 23:16:43,158] pyhamilton.interface INFO disconnected from server
[2022-11-27 23:16:43,262] pyhamilton.interface INFO server did not exit yet, sending dummy request to exit its loop
[2022-11-27 23:16:43,267] pyhamilton.interface INFO dummy get request sent to server
[2022-11-27 23:16:43,267] pyhamilton.interface INFO server thread exited
[2022-11-27 23:18:55,715] pyhamilton.interface INFO starting a Hamilton interface
[2022-11-27 23:18:55,715] pyhamilton.interface INFO started the oem application for simulation
[2022-11-27 23:18:55,715] pyhamilton.interface INFO started the server thread
[2022-11-27 23:19:10,542] pyhamilton.interface INFO sending end run command to simulator
[2022-11-27 23:19:11,002] pyhamilton.interface INFO disconnected from server
[2022-11-27 23:19:11,112] pyhamilton.interface INFO server thread exited
[2022-11-27 23:19:42,072] pyhamilton.interface INFO starting a Hamilton interface
[2022-11-27 23:19:42,076] pyhamilton.interface INFO started the oem application for simulation
[2022-11-27 23:19:42,076] pyhamilton.interface INFO started the server thread
[2022-11-27 23:19:59,157] pyhamilton.interface INFO sending end run command to simulator
[2022-11-27 23:19:59,479] pyhamilton.interface INFO disconnected from server
[2022-11-27 23:19:59,587] pyhamilton.interface INFO server did not exit yet, sending dummy request to exit its loop
[2022-11-27 23:19:59,589] pyhamilton.interface INFO dummy get request sent to server
[2022-11-27 23:19:59,589] pyhamilton.interface INFO server thread exited
[2022-11-27 23:20:39,213] pyhamilton.interface INFO starting a Hamilton interface
[2022-11-27 23:20:39,213] pyhamilton.interface INFO started the oem application for simulation
[2022-11-27 23:20:39,213] pyhamilton.interface INFO started the server thread
[2022-11-27 23:20:56,908] pyhamilton.interface INFO sending end run command to simulator
[2022-11-27 23:20:57,811] pyhamilton.interface INFO disconnected from server
[2022-11-27 23:20:57,919] pyhamilton.interface INFO server did not exit yet, sending dummy request to exit its loop
[2022-11-27 23:20:57,926] pyhamilton.interface INFO dummy get request sent to server
[2022-11-27 23:20:57,926] pyhamilton.interface INFO server thread exited
[2022-11-27 23:21:40,595] pyhamilton.interface INFO starting a Hamilton interface
[2022-11-27 23:21:40,595] pyhamilton.interface INFO started the oem application for simulation
[2022-11-27 23:21:40,595] pyhamilton.interface INFO started the server thread
[2022-11-27 23:21:51,179] pyhamilton.interface INFO sending end run command to simulator
[2022-11-27 23:21:52,737] pyhamilton.interface ERROR HamiltonTimeoutError('Timed out after 1.5 sec while waiting for response id 0x0')
[2022-11-27 23:21:52,737] pyhamilton.interface INFO disconnected from server
[2022-11-27 23:21:52,861] pyhamilton.interface INFO server did not exit yet, sending dummy request to exit its loop
[2022-11-27 23:21:52,870] pyhamilton.interface INFO dummy get request sent to server
[2022-11-27 23:21:52,871] pyhamilton.interface INFO server thread exited
[2022-11-27 23:30:09,112] pyhamilton.interface INFO starting a Hamilton interface
[2022-11-27 23:30:09,112] pyhamilton.interface INFO started the oem application for simulation
[2022-11-27 23:30:09,112] pyhamilton.interface INFO started the server thread
[2022-11-27 23:30:19,049] pyhamilton.interface INFO sending end run command to simulator
[2022-11-27 23:30:20,596] pyhamilton.interface ERROR HamiltonTimeoutError('Timed out after 1.5 sec while waiting for response id 0x0')
[2022-11-27 23:30:20,596] pyhamilton.interface INFO disconnected from server
[2022-11-27 23:30:20,698] pyhamilton.interface INFO server did not exit yet, sending dummy request to exit its loop
[2022-11-27 23:30:20,698] pyhamilton.interface INFO dummy get request sent to server
[2022-11-27 23:30:20,698] pyhamilton.interface INFO server thread exited
[2022-11-27 23:30:36,137] pyhamilton.interface INFO starting a Hamilton interface
[2022-11-27 23:30:36,137] pyhamilton.interface INFO started the oem application for simulation
[2022-11-27 23:30:36,137] pyhamilton.interface INFO started the server thread
[2022-11-27 23:30:49,661] pyhamilton.interface INFO sending end run command to simulator
[2022-11-27 23:30:50,374] pyhamilton.interface INFO disconnected from server
[2022-11-27 23:30:50,475] pyhamilton.interface INFO server thread exited
[2022-11-27 23:31:14,264] pyhamilton.interface INFO starting a Hamilton interface
[2022-11-27 23:31:14,264] pyhamilton.interface INFO started the oem application for simulation
[2022-11-27 23:31:14,264] pyhamilton.interface INFO started the server thread
[2022-11-27 23:31:28,606] pyhamilton.interface INFO sending end run command to simulator
[2022-11-27 23:31:29,116] pyhamilton.interface INFO disconnected from server
[2022-11-27 23:31:29,230] pyhamilton.interface INFO server thread exited
[2022-11-27 23:33:21,748] pyhamilton.interface INFO starting a Hamilton interface
[2022-11-27 23:33:21,748] pyhamilton.interface INFO started the oem application for simulation
[2022-11-27 23:33:21,748] pyhamilton.interface INFO started the server thread
[2022-11-27 23:33:53,228] pyhamilton.interface INFO sending end run command to simulator
[2022-11-27 23:33:53,395] pyhamilton.interface INFO disconnected from server
[2022-11-27 23:33:53,500] pyhamilton.interface INFO server did not exit yet, sending dummy request to exit its loop
[2022-11-27 23:33:53,513] pyhamilton.interface INFO dummy get request sent to server
[2022-11-27 23:33:53,513] pyhamilton.interface INFO server thread exited
[2022-11-27 23:33:59,732] pyhamilton.interface INFO starting a Hamilton interface
[2022-11-27 23:33:59,732] pyhamilton.interface INFO started the oem application for simulation
[2022-11-27 23:33:59,733] pyhamilton.interface INFO started the server thread
[2022-11-27 23:35:27,061] pyhamilton.interface INFO sending end run command to simulator
[2022-11-27 23:35:27,296] pyhamilton.interface INFO disconnected from server
[2022-11-27 23:35:27,400] pyhamilton.interface INFO server did not exit yet, sending dummy request to exit its loop
[2022-11-27 23:35:27,405] pyhamilton.interface INFO dummy get request sent to server
[2022-11-27 23:35:27,405] pyhamilton.interface INFO server thread exited
[2022-11-27 23:36:47,589] pyhamilton.interface INFO starting a Hamilton interface
[2022-11-27 23:36:47,589] pyhamilton.interface INFO started the oem application for simulation
[2022-11-27 23:36:47,589] pyhamilton.interface INFO started the server thread
[2022-11-27 23:37:10,137] pyhamilton.interface INFO sending end run command to simulator
[2022-11-27 23:37:11,717] pyhamilton.interface ERROR HamiltonTimeoutError('Timed out after 1.5 sec while waiting for response id 0x0')
[2022-11-27 23:37:11,717] pyhamilton.interface INFO disconnected from server
[2022-11-27 23:37:11,825] pyhamilton.interface INFO server did not exit yet, sending dummy request to exit its loop
[2022-11-27 23:37:11,827] pyhamilton.interface INFO dummy get request sent to server
[2022-11-27 23:37:11,827] pyhamilton.interface INFO server thread exited
[2022-11-27 23:41:00,728] pyhamilton.interface INFO starting a Hamilton interface
[2022-11-27 23:41:00,729] pyhamilton.interface INFO started the oem application for simulation
[2022-11-27 23:41:00,729] pyhamilton.interface INFO started the server thread
[2022-11-27 23:41:07,776] pyhamilton.interface INFO sending end run command to simulator
[2022-11-27 23:41:07,981] pyhamilton.interface INFO disconnected from server
[2022-11-27 23:41:08,086] pyhamilton.interface INFO server did not exit yet, sending dummy request to exit its loop
[2022-11-27 23:41:08,092] pyhamilton.interface INFO dummy get request sent to server
[2022-11-27 23:41:08,092] pyhamilton.interface INFO server thread exited
[2022-11-27 23:41:11,284] pyhamilton.interface INFO starting a Hamilton interface
[2022-11-27 23:41:11,284] pyhamilton.interface INFO started the oem application for simulation
[2022-11-27 23:41:11,284] pyhamilton.interface INFO started the server thread
[2022-11-27 23:41:30,525] pyhamilton.interface INFO sending end run command to simulator
[2022-11-27 23:41:32,078] pyhamilton.interface ERROR HamiltonTimeoutError('Timed out after 1.5 sec while waiting for response id 0x0')
[2022-11-27 23:41:32,078] pyhamilton.interface INFO disconnected from server
[2022-11-27 23:41:32,190] pyhamilton.interface INFO server thread exited
[2022-11-27 23:43:26,824] pyhamilton.interface INFO starting a Hamilton interface
[2022-11-27 23:43:26,824] pyhamilton.interface INFO started the oem application for simulation
[2022-11-27 23:43:26,824] pyhamilton.interface INFO started the server thread
[2022-11-27 23:43:40,911] pyhamilton.interface INFO sending end run command to simulator
[2022-11-27 23:43:42,508] pyhamilton.interface ERROR HamiltonTimeoutError('Timed out after 1.5 sec while waiting for response id 0x0')
[2022-11-27 23:43:42,508] pyhamilton.interface INFO disconnected from server
[2022-11-27 23:43:42,634] pyhamilton.interface INFO server did not exit yet, sending dummy request to exit its loop
[2022-11-27 23:43:42,640] pyhamilton.interface INFO dummy get request sent to server
[2022-11-27 23:43:42,640] pyhamilton.interface INFO server thread exited
[2022-11-27 23:44:30,150] pyhamilton.interface INFO starting a Hamilton interface
[2022-11-27 23:44:30,150] pyhamilton.interface INFO started the oem application for simulation
[2022-11-27 23:44:30,150] pyhamilton.interface INFO started the server thread
[2022-11-27 23:44:55,519] pyhamilton.interface INFO sending end run command to simulator
[2022-11-27 23:44:57,076] pyhamilton.interface ERROR HamiltonTimeoutError('Timed out after 1.5 sec while waiting for response id 0x0')
[2022-11-27 23:44:57,076] pyhamilton.interface INFO disconnected from server
[2022-11-27 23:44:57,189] pyhamilton.interface INFO server did not exit yet, sending dummy request to exit its loop
[2022-11-27 23:44:57,194] pyhamilton.interface INFO dummy get request sent to server
[2022-11-27 23:44:57,194] pyhamilton.interface INFO server thread exited
[2022-11-27 23:45:20,948] pyhamilton.interface INFO starting a Hamilton interface
[2022-11-27 23:45:20,948] pyhamilton.interface INFO started the oem application for simulation
[2022-11-27 23:45:20,948] pyhamilton.interface INFO started the server thread
[2022-11-27 23:49:35,594] pyhamilton.interface INFO sending end run command to simulator
[2022-11-27 23:49:35,785] pyhamilton.interface INFO disconnected from server
[2022-11-27 23:49:35,895] pyhamilton.interface INFO server did not exit yet, sending dummy request to exit its loop
[2022-11-27 23:49:35,901] pyhamilton.interface INFO dummy get request sent to server
[2022-11-27 23:49:35,909] pyhamilton.interface INFO server thread exited
[2022-11-27 23:49:58,401] pyhamilton.interface INFO starting a Hamilton interface
[2022-11-27 23:49:58,405] pyhamilton.interface INFO started the oem application for simulation
[2022-11-27 23:49:58,406] pyhamilton.interface INFO started the server thread
[2022-11-27 23:50:23,611] pyhamilton.interface INFO sending end run command to simulator
[2022-11-27 23:50:23,787] pyhamilton.interface INFO disconnected from server
[2022-11-27 23:50:23,889] pyhamilton.interface INFO server did not exit yet, sending dummy request to exit its loop
[2022-11-27 23:50:23,889] pyhamilton.interface INFO dummy get request sent to server
[2022-11-27 23:50:23,889] pyhamilton.interface INFO server thread exited
[2022-11-27 23:52:22,714] pyhamilton.interface INFO starting a Hamilton interface
[2022-11-27 23:52:22,714] pyhamilton.interface INFO started the oem application for simulation
[2022-11-27 23:52:22,714] pyhamilton.interface INFO started the server thread
[2022-11-27 23:52:43,966] pyhamilton.interface INFO sending end run command to simulator
[2022-11-27 23:52:44,564] pyhamilton.interface INFO disconnected from server
[2022-11-27 23:52:44,669] pyhamilton.interface INFO server did not exit yet, sending dummy request to exit its loop
[2022-11-27 23:52:44,672] pyhamilton.interface INFO dummy get request sent to server
[2022-11-27 23:52:44,672] pyhamilton.interface INFO server thread exited
[2022-11-27 23:53:33,689] pyhamilton.interface INFO starting a Hamilton interface
[2022-11-27 23:53:33,689] pyhamilton.interface INFO started the oem application for simulation
[2022-11-27 23:53:33,689] pyhamilton.interface INFO started the server thread
[2022-11-27 23:53:34,626] pyhamilton.interface INFO sending end run command to simulator
[2022-11-27 23:53:34,776] pyhamilton.interface INFO disconnected from server
[2022-11-27 23:53:34,891] pyhamilton.interface INFO server did not exit yet, sending dummy request to exit its loop
[2022-11-27 23:53:34,896] pyhamilton.interface INFO dummy get request sent to server
[2022-11-27 23:53:34,896] pyhamilton.interface INFO server thread exited
[2022-11-27 23:53:49,480] pyhamilton.interface INFO starting a Hamilton interface
[2022-11-27 23:53:49,480] pyhamilton.interface INFO started the oem application for simulation
[2022-11-27 23:53:49,480] pyhamilton.interface INFO started the server thread
[2022-11-27 23:54:39,936] pyhamilton.interface INFO sending end run command to simulator
[2022-11-27 23:54:40,394] pyhamilton.interface INFO disconnected from server
[2022-11-27 23:54:40,508] pyhamilton.interface INFO server did not exit yet, sending dummy request to exit its loop
[2022-11-27 23:54:40,511] pyhamilton.interface INFO dummy get request sent to server
[2022-11-27 23:54:40,511] pyhamilton.interface INFO server thread exited
[2022-11-28 00:06:27,886] pyhamilton.interface INFO starting a Hamilton interface
[2022-11-28 00:06:27,886] pyhamilton.interface INFO started the oem application for simulation
[2022-11-28 00:06:27,886] pyhamilton.interface INFO started the server thread
[2022-11-28 00:06:38,060] pyhamilton.interface INFO sending end run command to simulator
[2022-11-28 00:06:39,600] pyhamilton.interface ERROR HamiltonTimeoutError('Timed out after 1.5 sec while waiting for response id 0x0')
[2022-11-28 00:06:39,600] pyhamilton.interface INFO disconnected from server
[2022-11-28 00:06:39,718] pyhamilton.interface INFO server did not exit yet, sending dummy request to exit its loop
[2022-11-28 00:06:39,724] pyhamilton.interface INFO dummy get request sent to server
[2022-11-28 00:06:39,724] pyhamilton.interface INFO server thread exited
[2022-11-28 00:08:02,939] pyhamilton.interface INFO starting a Hamilton interface
[2022-11-28 00:08:02,939] pyhamilton.interface INFO started the oem application for simulation
[2022-11-28 00:08:02,939] pyhamilton.interface INFO started the server thread
[2022-11-28 00:10:37,824] pyhamilton.interface INFO sending end run command to simulator
[2022-11-28 00:10:38,172] pyhamilton.interface INFO disconnected from server
[2022-11-28 00:10:38,283] pyhamilton.interface INFO server did not exit yet, sending dummy request to exit its loop
[2022-11-28 00:10:38,293] pyhamilton.interface INFO dummy get request sent to server
[2022-11-28 00:10:38,293] pyhamilton.interface INFO server thread exited
[2022-12-22 11:03:33,421] pyhamilton.interface INFO starting a Hamilton interface
[2022-12-22 11:03:33,422] pyhamilton.interface INFO started the oem application for simulation
[2022-12-22 11:03:33,422] pyhamilton.interface INFO started the server thread
[2022-12-22 11:03:40,119] pyhamilton.interface INFO sending end run command to simulator
[2022-12-22 11:03:40,327] pyhamilton.interface INFO disconnected from server
[2022-12-22 11:03:40,443] pyhamilton.interface INFO server did not exit yet, sending dummy request to exit its loop
[2022-12-22 11:03:40,453] pyhamilton.interface INFO dummy get request sent to server
[2022-12-22 11:03:40,453] pyhamilton.interface INFO server thread exited
[2022-12-22 11:04:08,728] pyhamilton.interface INFO starting a Hamilton interface
[2022-12-22 11:04:08,728] pyhamilton.interface INFO started the oem application for simulation
[2022-12-22 11:04:08,728] pyhamilton.interface INFO started the server thread
[2022-12-22 11:06:14,918] pyhamilton.interface INFO sending end run command to simulator
[2022-12-22 11:06:15,328] pyhamilton.interface INFO disconnected from server
[2022-12-22 11:06:15,437] pyhamilton.interface INFO server did not exit yet, sending dummy request to exit its loop
[2022-12-22 11:06:15,441] pyhamilton.interface INFO dummy get request sent to server
[2022-12-22 11:06:15,441] pyhamilton.interface INFO server thread exited
[2022-12-22 11:09:22,091] pyhamilton.interface INFO starting a Hamilton interface
[2022-12-22 11:09:22,091] pyhamilton.interface INFO started the oem application for simulation
[2022-12-22 11:09:22,091] pyhamilton.interface INFO started the server thread
[2022-12-22 11:09:22,976] pyhamilton.interface INFO sending end run command to simulator
[2022-12-22 11:09:23,261] pyhamilton.interface INFO disconnected from server
[2022-12-22 11:09:23,362] pyhamilton.interface INFO server did not exit yet, sending dummy request to exit its loop
[2022-12-22 11:09:23,368] pyhamilton.interface INFO dummy get request sent to server
[2022-12-22 11:09:23,368] pyhamilton.interface INFO server thread exited
[2022-12-22 11:09:55,590] pyhamilton.interface INFO starting a Hamilton interface
[2022-12-22 11:09:55,590] pyhamilton.interface INFO started the oem application for simulation
[2022-12-22 11:09:55,590] pyhamilton.interface INFO started the server thread
[2022-12-22 11:10:42,551] pyhamilton.interface INFO sending end run command to simulator
[2022-12-22 11:10:42,987] pyhamilton.interface INFO disconnected from server
[2022-12-22 11:10:43,092] pyhamilton.interface INFO server did not exit yet, sending dummy request to exit its loop
[2022-12-22 11:10:43,103] pyhamilton.interface INFO dummy get request sent to server
[2022-12-22 11:10:43,103] pyhamilton.interface INFO server thread exited
[2022-12-22 11:11:12,224] pyhamilton.interface INFO starting a Hamilton interface
[2022-12-22 11:11:12,225] pyhamilton.interface INFO started the oem application for simulation
[2022-12-22 11:11:12,225] pyhamilton.interface INFO started the server thread
[2022-12-22 11:11:42,644] pyhamilton.interface INFO sending end run command to simulator
[2022-12-22 11:11:42,877] pyhamilton.interface INFO disconnected from server
[2022-12-22 11:11:42,990] pyhamilton.interface INFO server did not exit yet, sending dummy request to exit its loop
[2022-12-22 11:11:42,997] pyhamilton.interface INFO dummy get request sent to server
[2022-12-22 11:11:42,997] pyhamilton.interface INFO server thread exited
[2022-12-22 11:11:51,174] pyhamilton.interface INFO starting a Hamilton interface
[2022-12-22 11:11:51,174] pyhamilton.interface INFO started the oem application for simulation
[2022-12-22 11:11:51,174] pyhamilton.interface INFO started the server thread
[2022-12-22 11:11:54,607] pyhamilton.interface INFO sending end run command to simulator
[2022-12-22 11:11:54,812] pyhamilton.interface INFO disconnected from server
[2022-12-22 11:11:54,918] pyhamilton.interface INFO server did not exit yet, sending dummy request to exit its loop
[2022-12-22 11:11:54,921] pyhamilton.interface INFO dummy get request sent to server
[2022-12-22 11:11:54,921] pyhamilton.interface INFO server thread exited
[2022-12-22 11:12:21,316] pyhamilton.interface INFO starting a Hamilton interface
[2022-12-22 11:12:21,316] pyhamilton.interface INFO started the oem application for simulation
[2022-12-22 11:12:21,316] pyhamilton.interface INFO started the server thread
[2022-12-22 11:12:57,608] pyhamilton.interface INFO sending end run command to simulator
[2022-12-22 11:12:59,120] pyhamilton.interface ERROR HamiltonTimeoutError('Timed out after 1.5 sec while waiting for response id 0x0')
[2022-12-22 11:12:59,120] pyhamilton.interface INFO disconnected from server
[2022-12-22 11:12:59,230] pyhamilton.interface INFO server did not exit yet, sending dummy request to exit its loop
[2022-12-22 11:12:59,237] pyhamilton.interface INFO dummy get request sent to server
[2022-12-22 11:12:59,237] pyhamilton.interface INFO server thread exited
[2022-12-24 00:43:38,774] pyhamilton.interface INFO starting a Hamilton interface
[2022-12-24 00:43:38,774] pyhamilton.interface INFO started the oem application for simulation
[2022-12-24 00:43:38,774] pyhamilton.interface INFO started the server thread
[2022-12-24 00:44:14,038] pyhamilton.interface INFO sending end run command to simulator
[2022-12-24 00:44:14,262] pyhamilton.interface INFO disconnected from server
[2022-12-24 00:44:14,369] pyhamilton.interface INFO server did not exit yet, sending dummy request to exit its loop
[2022-12-24 00:44:14,387] pyhamilton.interface INFO dummy get request sent to server
[2022-12-24 00:44:14,388] pyhamilton.interface INFO server thread exited
[2022-12-24 00:44:15,579] pyhamilton.interface INFO starting a Hamilton interface
[2022-12-24 00:44:15,579] pyhamilton.interface INFO started the oem application for simulation
[2022-12-24 00:44:15,580] pyhamilton.interface INFO started the server thread
[2022-12-24 00:44:39,360] pyhamilton.interface INFO sending end run command to simulator
[2022-12-24 00:44:39,618] pyhamilton.interface INFO disconnected from server
[2022-12-24 00:44:39,731] pyhamilton.interface INFO server did not exit yet, sending dummy request to exit its loop
[2022-12-24 00:44:39,742] pyhamilton.interface INFO dummy get request sent to server
[2022-12-24 00:44:39,743] pyhamilton.interface INFO server thread exited
[2022-12-24 00:44:40,911] pyhamilton.interface INFO starting a Hamilton interface
[2022-12-24 00:44:40,911] pyhamilton.interface INFO started the oem application for simulation
[2022-12-24 00:44:40,911] pyhamilton.interface INFO started the server thread
[2022-12-24 00:45:02,452] pyhamilton.interface INFO sending end run command to simulator
[2022-12-24 00:45:02,888] pyhamilton.interface INFO disconnected from server
[2022-12-24 00:45:02,998] pyhamilton.interface INFO server did not exit yet, sending dummy request to exit its loop
[2022-12-24 00:45:03,004] pyhamilton.interface INFO dummy get request sent to server
[2022-12-24 00:45:03,005] pyhamilton.interface INFO server thread exited
[2022-12-24 00:47:19,185] pyhamilton.interface INFO starting a Hamilton interface
[2022-12-24 00:47:19,185] pyhamilton.interface INFO started the oem application for simulation
[2022-12-24 00:47:19,185] pyhamilton.interface INFO started the server thread
[2022-12-24 00:47:50,437] pyhamilton.interface INFO sending end run command to simulator
[2022-12-24 00:47:50,671] pyhamilton.interface INFO disconnected from server
[2022-12-24 00:47:50,789] pyhamilton.interface INFO server did not exit yet, sending dummy request to exit its loop
[2022-12-24 00:47:50,798] pyhamilton.interface INFO dummy get request sent to server
[2022-12-24 00:47:50,798] pyhamilton.interface INFO server thread exited
[2022-12-24 00:47:57,428] pyhamilton.interface INFO starting a Hamilton interface
[2022-12-24 00:47:57,428] pyhamilton.interface INFO started the oem application for simulation
[2022-12-24 00:47:57,428] pyhamilton.interface INFO started the server thread
[2022-12-24 00:48:15,810] pyhamilton.interface INFO sending end run command to simulator
[2022-12-24 00:48:16,074] pyhamilton.interface INFO disconnected from server
[2022-12-24 00:48:16,192] pyhamilton.interface INFO server did not exit yet, sending dummy request to exit its loop
[2022-12-24 00:48:16,201] pyhamilton.interface INFO dummy get request sent to server
[2022-12-24 00:48:16,201] pyhamilton.interface INFO server thread exited
[2022-12-24 00:48:19,713] pyhamilton.interface INFO starting a Hamilton interface
[2022-12-24 00:48:19,713] pyhamilton.interface INFO started the oem application for simulation
[2022-12-24 00:48:19,713] pyhamilton.interface INFO started the server thread
[2022-12-24 00:53:19,719] pyhamilton.interface ERROR HamiltonTimeoutError('Timed out after 300 sec while waiting for response id 0xe6ce74b14c5')
[2022-12-24 00:53:19,720] pyhamilton.interface INFO sending end run command to simulator
[2022-12-24 00:53:21,230] pyhamilton.interface ERROR HamiltonTimeoutError('Timed out after 1.5 sec while waiting for response id 0x0')
[2022-12-24 00:53:21,230] pyhamilton.interface INFO disconnected from server
[2022-12-24 00:53:21,339] pyhamilton.interface INFO server did not exit yet, sending dummy request to exit its loop
[2022-12-24 00:53:21,353] pyhamilton.interface INFO dummy get request sent to server
[2022-12-24 00:53:21,353] pyhamilton.interface INFO server thread exited
